<?xml version="1.0" encoding="UTF-8"?>
<testng-results ignored="0" total="1" passed="1" failed="0" skipped="0">
  <reporter-output>
  </reporter-output>
  <suite started-at="2021-10-24T03:02:15 IST" name="Default suite" finished-at="2021-10-24T03:02:48 IST" duration-ms="33138">
    <groups>
    </groups>
    <test started-at="2021-10-24T03:02:15 IST" name="Default test" finished-at="2021-10-24T03:02:48 IST" duration-ms="33138">
      <class name="Academy.Testeraps">
        <test-method signature="tester()[pri:0, instance:Academy.Testeraps@bf73b537]" started-at="2021-10-24T03:02:15 IST" name="tester" finished-at="2021-10-24T03:02:48 IST" duration-ms="33041" status="PASS">
          <reporter-output>
          </reporter-output>
        </test-method> <!-- tester -->
      </class> <!-- Academy.Testeraps -->
    </test> <!-- Default test -->
  </suite> <!-- Default suite -->
</testng-results>
